2022-02-08 23:19:50,293 - SimpleLog4JLogSystem initialized using logfile 'velocity.log'
2022-02-08 23:19:50,293 - ************************************************************** 
2022-02-08 23:19:50,293 - Starting Jakarta Velocity v1.4
2022-02-08 23:19:50,293 - RuntimeInstance initializing.
2022-02-08 23:19:50,293 - Default Properties File: org\apache\velocity\runtime\defaults\velocity.properties
2022-02-08 23:19:50,293 - Trying to use logger class org.apache.velocity.runtime.log.SimpleLog4JLogSystem
2022-02-08 23:19:50,293 - Using logger class org.apache.velocity.runtime.log.SimpleLog4JLogSystem
2022-02-08 23:19:50,294 - Default ResourceManager initializing. (class org.apache.velocity.runtime.resource.ResourceManagerImpl)
2022-02-08 23:19:50,295 - Resource Loader Instantiated: org.apache.velocity.runtime.resource.loader.ClasspathResourceLoader
2022-02-08 23:19:50,295 - ClasspathResourceLoader : initialization starting.
2022-02-08 23:19:50,295 - ClasspathResourceLoader : initialization complete.
2022-02-08 23:19:50,295 - ResourceCache : initialized. (class org.apache.velocity.runtime.resource.ResourceCacheImpl)
2022-02-08 23:19:50,295 - Default ResourceManager initialization complete.
2022-02-08 23:19:50,298 - Loaded System Directive: org.apache.velocity.runtime.directive.Literal
2022-02-08 23:19:50,298 - Loaded System Directive: org.apache.velocity.runtime.directive.Macro
2022-02-08 23:19:50,300 - Loaded System Directive: org.apache.velocity.runtime.directive.Parse
2022-02-08 23:19:50,300 - Loaded System Directive: org.apache.velocity.runtime.directive.Include
2022-02-08 23:19:50,300 - Loaded System Directive: org.apache.velocity.runtime.directive.Foreach
2022-02-08 23:19:50,311 - Created: 20 parsers.
2022-02-08 23:19:50,314 - Velocimacro : initialization starting.
2022-02-08 23:19:50,314 - Velocimacro : adding VMs from VM library template : VM_global_library.vm
2022-02-08 23:19:50,315 - ResourceManager : unable to find resource 'VM_global_library.vm' in any resource loader.
2022-02-08 23:19:50,316 - Velocimacro : error using  VM library template VM_global_library.vm : org.apache.velocity.exception.ResourceNotFoundException: Unable to find resource 'VM_global_library.vm'
2022-02-08 23:19:50,316 - Velocimacro :  VM library template macro registration complete.
2022-02-08 23:19:50,316 - Velocimacro : allowInline = true : VMs can be defined inline in templates
2022-02-08 23:19:50,316 - Velocimacro : allowInlineToOverride = false : VMs defined inline may NOT replace previous VM definitions
2022-02-08 23:19:50,316 - Velocimacro : allowInlineLocal = false : VMs defined inline will be  global in scope if allowed.
2022-02-08 23:19:50,316 - Velocimacro : messages on  : VM system will output logging messages
2022-02-08 23:19:50,316 - Velocimacro : autoload off  : VM system will not automatically reload global library macros
2022-02-08 23:19:50,316 - Velocimacro : initialization complete.
2022-02-08 23:19:50,316 - Velocity successfully started.
2022-02-08 23:24:15,341 - ResourceManager : found repast/simphony/scenario/Scenario.vt with loader org.apache.velocity.runtime.resource.loader.ClasspathResourceLoader
2022-02-08 23:24:30,356 - SimpleLog4JLogSystem initialized using logfile 'velocity.log'
2022-02-08 23:24:30,356 - ************************************************************** 
2022-02-08 23:24:30,356 - Starting Jakarta Velocity v1.4
2022-02-08 23:24:30,356 - RuntimeInstance initializing.
2022-02-08 23:24:30,356 - Default Properties File: org\apache\velocity\runtime\defaults\velocity.properties
2022-02-08 23:24:30,356 - Trying to use logger class org.apache.velocity.runtime.log.SimpleLog4JLogSystem
2022-02-08 23:24:30,356 - Using logger class org.apache.velocity.runtime.log.SimpleLog4JLogSystem
2022-02-08 23:24:30,357 - Default ResourceManager initializing. (class org.apache.velocity.runtime.resource.ResourceManagerImpl)
2022-02-08 23:24:30,358 - Resource Loader Instantiated: org.apache.velocity.runtime.resource.loader.ClasspathResourceLoader
2022-02-08 23:24:30,358 - ClasspathResourceLoader : initialization starting.
2022-02-08 23:24:30,358 - ClasspathResourceLoader : initialization complete.
2022-02-08 23:24:30,358 - ResourceCache : initialized. (class org.apache.velocity.runtime.resource.ResourceCacheImpl)
2022-02-08 23:24:30,358 - Default ResourceManager initialization complete.
2022-02-08 23:24:30,359 - Loaded System Directive: org.apache.velocity.runtime.directive.Literal
2022-02-08 23:24:30,359 - Loaded System Directive: org.apache.velocity.runtime.directive.Macro
2022-02-08 23:24:30,360 - Loaded System Directive: org.apache.velocity.runtime.directive.Parse
2022-02-08 23:24:30,360 - Loaded System Directive: org.apache.velocity.runtime.directive.Include
2022-02-08 23:24:30,361 - Loaded System Directive: org.apache.velocity.runtime.directive.Foreach
2022-02-08 23:24:30,370 - Created: 20 parsers.
2022-02-08 23:24:30,372 - Velocimacro : initialization starting.
2022-02-08 23:24:30,372 - Velocimacro : adding VMs from VM library template : VM_global_library.vm
2022-02-08 23:24:30,373 - ResourceManager : unable to find resource 'VM_global_library.vm' in any resource loader.
2022-02-08 23:24:30,373 - Velocimacro : error using  VM library template VM_global_library.vm : org.apache.velocity.exception.ResourceNotFoundException: Unable to find resource 'VM_global_library.vm'
2022-02-08 23:24:30,373 - Velocimacro :  VM library template macro registration complete.
2022-02-08 23:24:30,373 - Velocimacro : allowInline = true : VMs can be defined inline in templates
2022-02-08 23:24:30,373 - Velocimacro : allowInlineToOverride = false : VMs defined inline may NOT replace previous VM definitions
2022-02-08 23:24:30,373 - Velocimacro : allowInlineLocal = false : VMs defined inline will be  global in scope if allowed.
2022-02-08 23:24:30,373 - Velocimacro : messages on  : VM system will output logging messages
2022-02-08 23:24:30,373 - Velocimacro : autoload off  : VM system will not automatically reload global library macros
2022-02-08 23:24:30,373 - Velocimacro : initialization complete.
2022-02-08 23:24:30,373 - Velocity successfully started.
2022-02-08 23:24:51,466 - SimpleLog4JLogSystem initialized using logfile 'velocity.log'
2022-02-08 23:24:51,467 - ************************************************************** 
2022-02-08 23:24:51,467 - Starting Jakarta Velocity v1.4
2022-02-08 23:24:51,467 - RuntimeInstance initializing.
2022-02-08 23:24:51,467 - Default Properties File: org\apache\velocity\runtime\defaults\velocity.properties
2022-02-08 23:24:51,467 - Trying to use logger class org.apache.velocity.runtime.log.SimpleLog4JLogSystem
2022-02-08 23:24:51,467 - Using logger class org.apache.velocity.runtime.log.SimpleLog4JLogSystem
2022-02-08 23:24:51,468 - Default ResourceManager initializing. (class org.apache.velocity.runtime.resource.ResourceManagerImpl)
2022-02-08 23:24:51,468 - Resource Loader Instantiated: org.apache.velocity.runtime.resource.loader.ClasspathResourceLoader
2022-02-08 23:24:51,468 - ClasspathResourceLoader : initialization starting.
2022-02-08 23:24:51,468 - ClasspathResourceLoader : initialization complete.
2022-02-08 23:24:51,469 - ResourceCache : initialized. (class org.apache.velocity.runtime.resource.ResourceCacheImpl)
2022-02-08 23:24:51,469 - Default ResourceManager initialization complete.
2022-02-08 23:24:51,469 - Loaded System Directive: org.apache.velocity.runtime.directive.Literal
2022-02-08 23:24:51,470 - Loaded System Directive: org.apache.velocity.runtime.directive.Macro
2022-02-08 23:24:51,471 - Loaded System Directive: org.apache.velocity.runtime.directive.Parse
2022-02-08 23:24:51,471 - Loaded System Directive: org.apache.velocity.runtime.directive.Include
2022-02-08 23:24:51,471 - Loaded System Directive: org.apache.velocity.runtime.directive.Foreach
2022-02-08 23:24:51,481 - Created: 20 parsers.
2022-02-08 23:24:51,483 - Velocimacro : initialization starting.
2022-02-08 23:24:51,483 - Velocimacro : adding VMs from VM library template : VM_global_library.vm
2022-02-08 23:24:51,484 - ResourceManager : unable to find resource 'VM_global_library.vm' in any resource loader.
2022-02-08 23:24:51,485 - Velocimacro : error using  VM library template VM_global_library.vm : org.apache.velocity.exception.ResourceNotFoundException: Unable to find resource 'VM_global_library.vm'
2022-02-08 23:24:51,485 - Velocimacro :  VM library template macro registration complete.
2022-02-08 23:24:51,485 - Velocimacro : allowInline = true : VMs can be defined inline in templates
2022-02-08 23:24:51,485 - Velocimacro : allowInlineToOverride = false : VMs defined inline may NOT replace previous VM definitions
2022-02-08 23:24:51,485 - Velocimacro : allowInlineLocal = false : VMs defined inline will be  global in scope if allowed.
2022-02-08 23:24:51,485 - Velocimacro : messages on  : VM system will output logging messages
2022-02-08 23:24:51,485 - Velocimacro : autoload off  : VM system will not automatically reload global library macros
2022-02-08 23:24:51,485 - Velocimacro : initialization complete.
2022-02-08 23:24:51,485 - Velocity successfully started.
2022-02-09 19:44:04,943 - SimpleLog4JLogSystem initialized using logfile 'velocity.log'
2022-02-09 19:44:04,943 - ************************************************************** 
2022-02-09 19:44:04,943 - Starting Jakarta Velocity v1.4
2022-02-09 19:44:04,943 - RuntimeInstance initializing.
2022-02-09 19:44:04,943 - Default Properties File: org\apache\velocity\runtime\defaults\velocity.properties
2022-02-09 19:44:04,943 - Trying to use logger class org.apache.velocity.runtime.log.SimpleLog4JLogSystem
2022-02-09 19:44:04,943 - Using logger class org.apache.velocity.runtime.log.SimpleLog4JLogSystem
2022-02-09 19:44:04,944 - Default ResourceManager initializing. (class org.apache.velocity.runtime.resource.ResourceManagerImpl)
2022-02-09 19:44:04,945 - Resource Loader Instantiated: org.apache.velocity.runtime.resource.loader.ClasspathResourceLoader
2022-02-09 19:44:04,945 - ClasspathResourceLoader : initialization starting.
2022-02-09 19:44:04,945 - ClasspathResourceLoader : initialization complete.
2022-02-09 19:44:04,945 - ResourceCache : initialized. (class org.apache.velocity.runtime.resource.ResourceCacheImpl)
2022-02-09 19:44:04,945 - Default ResourceManager initialization complete.
2022-02-09 19:44:04,946 - Loaded System Directive: org.apache.velocity.runtime.directive.Literal
2022-02-09 19:44:04,947 - Loaded System Directive: org.apache.velocity.runtime.directive.Macro
2022-02-09 19:44:04,947 - Loaded System Directive: org.apache.velocity.runtime.directive.Parse
2022-02-09 19:44:04,948 - Loaded System Directive: org.apache.velocity.runtime.directive.Include
2022-02-09 19:44:04,948 - Loaded System Directive: org.apache.velocity.runtime.directive.Foreach
2022-02-09 19:44:04,958 - Created: 20 parsers.
2022-02-09 19:44:04,960 - Velocimacro : initialization starting.
2022-02-09 19:44:04,960 - Velocimacro : adding VMs from VM library template : VM_global_library.vm
2022-02-09 19:44:04,961 - ResourceManager : unable to find resource 'VM_global_library.vm' in any resource loader.
2022-02-09 19:44:04,961 - Velocimacro : error using  VM library template VM_global_library.vm : org.apache.velocity.exception.ResourceNotFoundException: Unable to find resource 'VM_global_library.vm'
2022-02-09 19:44:04,961 - Velocimacro :  VM library template macro registration complete.
2022-02-09 19:44:04,961 - Velocimacro : allowInline = true : VMs can be defined inline in templates
2022-02-09 19:44:04,961 - Velocimacro : allowInlineToOverride = false : VMs defined inline may NOT replace previous VM definitions
2022-02-09 19:44:04,961 - Velocimacro : allowInlineLocal = false : VMs defined inline will be  global in scope if allowed.
2022-02-09 19:44:04,961 - Velocimacro : messages on  : VM system will output logging messages
2022-02-09 19:44:04,961 - Velocimacro : autoload off  : VM system will not automatically reload global library macros
2022-02-09 19:44:04,961 - Velocimacro : initialization complete.
2022-02-09 19:44:04,961 - Velocity successfully started.
2022-02-09 20:13:37,824 - SimpleLog4JLogSystem initialized using logfile 'velocity.log'
2022-02-09 20:13:37,825 - ************************************************************** 
2022-02-09 20:13:37,825 - Starting Jakarta Velocity v1.4
2022-02-09 20:13:37,825 - RuntimeInstance initializing.
2022-02-09 20:13:37,825 - Default Properties File: org\apache\velocity\runtime\defaults\velocity.properties
2022-02-09 20:13:37,825 - Trying to use logger class org.apache.velocity.runtime.log.SimpleLog4JLogSystem
2022-02-09 20:13:37,825 - Using logger class org.apache.velocity.runtime.log.SimpleLog4JLogSystem
2022-02-09 20:13:37,826 - Default ResourceManager initializing. (class org.apache.velocity.runtime.resource.ResourceManagerImpl)
2022-02-09 20:13:37,826 - Resource Loader Instantiated: org.apache.velocity.runtime.resource.loader.ClasspathResourceLoader
2022-02-09 20:13:37,827 - ClasspathResourceLoader : initialization starting.
2022-02-09 20:13:37,827 - ClasspathResourceLoader : initialization complete.
2022-02-09 20:13:37,827 - ResourceCache : initialized. (class org.apache.velocity.runtime.resource.ResourceCacheImpl)
2022-02-09 20:13:37,827 - Default ResourceManager initialization complete.
2022-02-09 20:13:37,828 - Loaded System Directive: org.apache.velocity.runtime.directive.Literal
2022-02-09 20:13:37,828 - Loaded System Directive: org.apache.velocity.runtime.directive.Macro
2022-02-09 20:13:37,829 - Loaded System Directive: org.apache.velocity.runtime.directive.Parse
2022-02-09 20:13:37,830 - Loaded System Directive: org.apache.velocity.runtime.directive.Include
2022-02-09 20:13:37,830 - Loaded System Directive: org.apache.velocity.runtime.directive.Foreach
2022-02-09 20:13:37,839 - Created: 20 parsers.
2022-02-09 20:13:37,841 - Velocimacro : initialization starting.
2022-02-09 20:13:37,841 - Velocimacro : adding VMs from VM library template : VM_global_library.vm
2022-02-09 20:13:37,842 - ResourceManager : unable to find resource 'VM_global_library.vm' in any resource loader.
2022-02-09 20:13:37,842 - Velocimacro : error using  VM library template VM_global_library.vm : org.apache.velocity.exception.ResourceNotFoundException: Unable to find resource 'VM_global_library.vm'
2022-02-09 20:13:37,842 - Velocimacro :  VM library template macro registration complete.
2022-02-09 20:13:37,842 - Velocimacro : allowInline = true : VMs can be defined inline in templates
2022-02-09 20:13:37,843 - Velocimacro : allowInlineToOverride = false : VMs defined inline may NOT replace previous VM definitions
2022-02-09 20:13:37,843 - Velocimacro : allowInlineLocal = false : VMs defined inline will be  global in scope if allowed.
2022-02-09 20:13:37,843 - Velocimacro : messages on  : VM system will output logging messages
2022-02-09 20:13:37,843 - Velocimacro : autoload off  : VM system will not automatically reload global library macros
2022-02-09 20:13:37,843 - Velocimacro : initialization complete.
2022-02-09 20:13:37,843 - Velocity successfully started.
2022-02-09 20:30:39,656 - SimpleLog4JLogSystem initialized using logfile 'velocity.log'
2022-02-09 20:30:39,656 - ************************************************************** 
2022-02-09 20:30:39,656 - Starting Jakarta Velocity v1.4
2022-02-09 20:30:39,656 - RuntimeInstance initializing.
2022-02-09 20:30:39,656 - Default Properties File: org\apache\velocity\runtime\defaults\velocity.properties
2022-02-09 20:30:39,656 - Trying to use logger class org.apache.velocity.runtime.log.SimpleLog4JLogSystem
2022-02-09 20:30:39,656 - Using logger class org.apache.velocity.runtime.log.SimpleLog4JLogSystem
2022-02-09 20:30:39,657 - Default ResourceManager initializing. (class org.apache.velocity.runtime.resource.ResourceManagerImpl)
2022-02-09 20:30:39,658 - Resource Loader Instantiated: org.apache.velocity.runtime.resource.loader.ClasspathResourceLoader
2022-02-09 20:30:39,658 - ClasspathResourceLoader : initialization starting.
2022-02-09 20:30:39,658 - ClasspathResourceLoader : initialization complete.
2022-02-09 20:30:39,658 - ResourceCache : initialized. (class org.apache.velocity.runtime.resource.ResourceCacheImpl)
2022-02-09 20:30:39,658 - Default ResourceManager initialization complete.
2022-02-09 20:30:39,659 - Loaded System Directive: org.apache.velocity.runtime.directive.Literal
2022-02-09 20:30:39,659 - Loaded System Directive: org.apache.velocity.runtime.directive.Macro
2022-02-09 20:30:39,660 - Loaded System Directive: org.apache.velocity.runtime.directive.Parse
2022-02-09 20:30:39,661 - Loaded System Directive: org.apache.velocity.runtime.directive.Include
2022-02-09 20:30:39,661 - Loaded System Directive: org.apache.velocity.runtime.directive.Foreach
2022-02-09 20:30:39,671 - Created: 20 parsers.
2022-02-09 20:30:39,673 - Velocimacro : initialization starting.
2022-02-09 20:30:39,673 - Velocimacro : adding VMs from VM library template : VM_global_library.vm
2022-02-09 20:30:39,674 - ResourceManager : unable to find resource 'VM_global_library.vm' in any resource loader.
2022-02-09 20:30:39,674 - Velocimacro : error using  VM library template VM_global_library.vm : org.apache.velocity.exception.ResourceNotFoundException: Unable to find resource 'VM_global_library.vm'
2022-02-09 20:30:39,674 - Velocimacro :  VM library template macro registration complete.
2022-02-09 20:30:39,675 - Velocimacro : allowInline = true : VMs can be defined inline in templates
2022-02-09 20:30:39,675 - Velocimacro : allowInlineToOverride = false : VMs defined inline may NOT replace previous VM definitions
2022-02-09 20:30:39,675 - Velocimacro : allowInlineLocal = false : VMs defined inline will be  global in scope if allowed.
2022-02-09 20:30:39,675 - Velocimacro : messages on  : VM system will output logging messages
2022-02-09 20:30:39,675 - Velocimacro : autoload off  : VM system will not automatically reload global library macros
2022-02-09 20:30:39,675 - Velocimacro : initialization complete.
2022-02-09 20:30:39,675 - Velocity successfully started.
2022-02-09 20:32:07,022 - ResourceManager : found repast/simphony/scenario/Scenario.vt with loader org.apache.velocity.runtime.resource.loader.ClasspathResourceLoader
2022-02-09 20:43:15,161 - SimpleLog4JLogSystem initialized using logfile 'velocity.log'
2022-02-09 20:43:15,161 - ************************************************************** 
2022-02-09 20:43:15,161 - Starting Jakarta Velocity v1.4
2022-02-09 20:43:15,161 - RuntimeInstance initializing.
2022-02-09 20:43:15,161 - Default Properties File: org\apache\velocity\runtime\defaults\velocity.properties
2022-02-09 20:43:15,161 - Trying to use logger class org.apache.velocity.runtime.log.SimpleLog4JLogSystem
2022-02-09 20:43:15,161 - Using logger class org.apache.velocity.runtime.log.SimpleLog4JLogSystem
2022-02-09 20:43:15,162 - Default ResourceManager initializing. (class org.apache.velocity.runtime.resource.ResourceManagerImpl)
2022-02-09 20:43:15,163 - Resource Loader Instantiated: org.apache.velocity.runtime.resource.loader.ClasspathResourceLoader
2022-02-09 20:43:15,163 - ClasspathResourceLoader : initialization starting.
2022-02-09 20:43:15,163 - ClasspathResourceLoader : initialization complete.
2022-02-09 20:43:15,163 - ResourceCache : initialized. (class org.apache.velocity.runtime.resource.ResourceCacheImpl)
2022-02-09 20:43:15,164 - Default ResourceManager initialization complete.
2022-02-09 20:43:15,164 - Loaded System Directive: org.apache.velocity.runtime.directive.Literal
2022-02-09 20:43:15,165 - Loaded System Directive: org.apache.velocity.runtime.directive.Macro
2022-02-09 20:43:15,165 - Loaded System Directive: org.apache.velocity.runtime.directive.Parse
2022-02-09 20:43:15,166 - Loaded System Directive: org.apache.velocity.runtime.directive.Include
2022-02-09 20:43:15,166 - Loaded System Directive: org.apache.velocity.runtime.directive.Foreach
2022-02-09 20:43:15,177 - Created: 20 parsers.
2022-02-09 20:43:15,179 - Velocimacro : initialization starting.
2022-02-09 20:43:15,179 - Velocimacro : adding VMs from VM library template : VM_global_library.vm
2022-02-09 20:43:15,180 - ResourceManager : unable to find resource 'VM_global_library.vm' in any resource loader.
2022-02-09 20:43:15,180 - Velocimacro : error using  VM library template VM_global_library.vm : org.apache.velocity.exception.ResourceNotFoundException: Unable to find resource 'VM_global_library.vm'
2022-02-09 20:43:15,180 - Velocimacro :  VM library template macro registration complete.
2022-02-09 20:43:15,180 - Velocimacro : allowInline = true : VMs can be defined inline in templates
2022-02-09 20:43:15,181 - Velocimacro : allowInlineToOverride = false : VMs defined inline may NOT replace previous VM definitions
2022-02-09 20:43:15,181 - Velocimacro : allowInlineLocal = false : VMs defined inline will be  global in scope if allowed.
2022-02-09 20:43:15,181 - Velocimacro : messages on  : VM system will output logging messages
2022-02-09 20:43:15,181 - Velocimacro : autoload off  : VM system will not automatically reload global library macros
2022-02-09 20:43:15,181 - Velocimacro : initialization complete.
2022-02-09 20:43:15,181 - Velocity successfully started.
2022-02-10 21:18:02,801 - SimpleLog4JLogSystem initialized using logfile 'velocity.log'
2022-02-10 21:18:02,802 - ************************************************************** 
2022-02-10 21:18:02,802 - Starting Jakarta Velocity v1.4
2022-02-10 21:18:02,802 - RuntimeInstance initializing.
2022-02-10 21:18:02,802 - Default Properties File: org\apache\velocity\runtime\defaults\velocity.properties
2022-02-10 21:18:02,802 - Trying to use logger class org.apache.velocity.runtime.log.SimpleLog4JLogSystem
2022-02-10 21:18:02,802 - Using logger class org.apache.velocity.runtime.log.SimpleLog4JLogSystem
2022-02-10 21:18:02,803 - Default ResourceManager initializing. (class org.apache.velocity.runtime.resource.ResourceManagerImpl)
2022-02-10 21:18:02,804 - Resource Loader Instantiated: org.apache.velocity.runtime.resource.loader.ClasspathResourceLoader
2022-02-10 21:18:02,804 - ClasspathResourceLoader : initialization starting.
2022-02-10 21:18:02,804 - ClasspathResourceLoader : initialization complete.
2022-02-10 21:18:02,805 - ResourceCache : initialized. (class org.apache.velocity.runtime.resource.ResourceCacheImpl)
2022-02-10 21:18:02,805 - Default ResourceManager initialization complete.
2022-02-10 21:18:02,805 - Loaded System Directive: org.apache.velocity.runtime.directive.Literal
2022-02-10 21:18:02,806 - Loaded System Directive: org.apache.velocity.runtime.directive.Macro
2022-02-10 21:18:02,807 - Loaded System Directive: org.apache.velocity.runtime.directive.Parse
2022-02-10 21:18:02,808 - Loaded System Directive: org.apache.velocity.runtime.directive.Include
2022-02-10 21:18:02,808 - Loaded System Directive: org.apache.velocity.runtime.directive.Foreach
2022-02-10 21:18:02,818 - Created: 20 parsers.
2022-02-10 21:18:02,820 - Velocimacro : initialization starting.
2022-02-10 21:18:02,820 - Velocimacro : adding VMs from VM library template : VM_global_library.vm
2022-02-10 21:18:02,821 - ResourceManager : unable to find resource 'VM_global_library.vm' in any resource loader.
2022-02-10 21:18:02,821 - Velocimacro : error using  VM library template VM_global_library.vm : org.apache.velocity.exception.ResourceNotFoundException: Unable to find resource 'VM_global_library.vm'
2022-02-10 21:18:02,822 - Velocimacro :  VM library template macro registration complete.
2022-02-10 21:18:02,822 - Velocimacro : allowInline = true : VMs can be defined inline in templates
2022-02-10 21:18:02,822 - Velocimacro : allowInlineToOverride = false : VMs defined inline may NOT replace previous VM definitions
2022-02-10 21:18:02,822 - Velocimacro : allowInlineLocal = false : VMs defined inline will be  global in scope if allowed.
2022-02-10 21:18:02,822 - Velocimacro : messages on  : VM system will output logging messages
2022-02-10 21:18:02,822 - Velocimacro : autoload off  : VM system will not automatically reload global library macros
2022-02-10 21:18:02,822 - Velocimacro : initialization complete.
2022-02-10 21:18:02,822 - Velocity successfully started.
2022-02-10 21:18:43,333 - SimpleLog4JLogSystem initialized using logfile 'velocity.log'
2022-02-10 21:18:43,334 - ************************************************************** 
2022-02-10 21:18:43,334 - Starting Jakarta Velocity v1.4
2022-02-10 21:18:43,334 - RuntimeInstance initializing.
2022-02-10 21:18:43,334 - Default Properties File: org\apache\velocity\runtime\defaults\velocity.properties
2022-02-10 21:18:43,334 - Trying to use logger class org.apache.velocity.runtime.log.SimpleLog4JLogSystem
2022-02-10 21:18:43,334 - Using logger class org.apache.velocity.runtime.log.SimpleLog4JLogSystem
2022-02-10 21:18:43,335 - Default ResourceManager initializing. (class org.apache.velocity.runtime.resource.ResourceManagerImpl)
2022-02-10 21:18:43,335 - Resource Loader Instantiated: org.apache.velocity.runtime.resource.loader.ClasspathResourceLoader
2022-02-10 21:18:43,335 - ClasspathResourceLoader : initialization starting.
2022-02-10 21:18:43,335 - ClasspathResourceLoader : initialization complete.
2022-02-10 21:18:43,336 - ResourceCache : initialized. (class org.apache.velocity.runtime.resource.ResourceCacheImpl)
2022-02-10 21:18:43,336 - Default ResourceManager initialization complete.
2022-02-10 21:18:43,336 - Loaded System Directive: org.apache.velocity.runtime.directive.Literal
2022-02-10 21:18:43,337 - Loaded System Directive: org.apache.velocity.runtime.directive.Macro
2022-02-10 21:18:43,338 - Loaded System Directive: org.apache.velocity.runtime.directive.Parse
2022-02-10 21:18:43,338 - Loaded System Directive: org.apache.velocity.runtime.directive.Include
2022-02-10 21:18:43,339 - Loaded System Directive: org.apache.velocity.runtime.directive.Foreach
2022-02-10 21:18:43,349 - Created: 20 parsers.
2022-02-10 21:18:43,351 - Velocimacro : initialization starting.
2022-02-10 21:18:43,351 - Velocimacro : adding VMs from VM library template : VM_global_library.vm
2022-02-10 21:18:43,352 - ResourceManager : unable to find resource 'VM_global_library.vm' in any resource loader.
2022-02-10 21:18:43,352 - Velocimacro : error using  VM library template VM_global_library.vm : org.apache.velocity.exception.ResourceNotFoundException: Unable to find resource 'VM_global_library.vm'
2022-02-10 21:18:43,352 - Velocimacro :  VM library template macro registration complete.
2022-02-10 21:18:43,352 - Velocimacro : allowInline = true : VMs can be defined inline in templates
2022-02-10 21:18:43,352 - Velocimacro : allowInlineToOverride = false : VMs defined inline may NOT replace previous VM definitions
2022-02-10 21:18:43,352 - Velocimacro : allowInlineLocal = false : VMs defined inline will be  global in scope if allowed.
2022-02-10 21:18:43,352 - Velocimacro : messages on  : VM system will output logging messages
2022-02-10 21:18:43,352 - Velocimacro : autoload off  : VM system will not automatically reload global library macros
2022-02-10 21:18:43,352 - Velocimacro : initialization complete.
2022-02-10 21:18:43,352 - Velocity successfully started.
2022-02-10 21:38:13,864 - SimpleLog4JLogSystem initialized using logfile 'velocity.log'
2022-02-10 21:38:13,865 - ************************************************************** 
2022-02-10 21:38:13,865 - Starting Jakarta Velocity v1.4
2022-02-10 21:38:13,865 - RuntimeInstance initializing.
2022-02-10 21:38:13,865 - Default Properties File: org\apache\velocity\runtime\defaults\velocity.properties
2022-02-10 21:38:13,865 - Trying to use logger class org.apache.velocity.runtime.log.SimpleLog4JLogSystem
2022-02-10 21:38:13,865 - Using logger class org.apache.velocity.runtime.log.SimpleLog4JLogSystem
2022-02-10 21:38:13,866 - Default ResourceManager initializing. (class org.apache.velocity.runtime.resource.ResourceManagerImpl)
2022-02-10 21:38:13,866 - Resource Loader Instantiated: org.apache.velocity.runtime.resource.loader.ClasspathResourceLoader
2022-02-10 21:38:13,867 - ClasspathResourceLoader : initialization starting.
2022-02-10 21:38:13,867 - ClasspathResourceLoader : initialization complete.
2022-02-10 21:38:13,867 - ResourceCache : initialized. (class org.apache.velocity.runtime.resource.ResourceCacheImpl)
2022-02-10 21:38:13,868 - Default ResourceManager initialization complete.
2022-02-10 21:38:13,868 - Loaded System Directive: org.apache.velocity.runtime.directive.Literal
2022-02-10 21:38:13,868 - Loaded System Directive: org.apache.velocity.runtime.directive.Macro
2022-02-10 21:38:13,869 - Loaded System Directive: org.apache.velocity.runtime.directive.Parse
2022-02-10 21:38:13,870 - Loaded System Directive: org.apache.velocity.runtime.directive.Include
2022-02-10 21:38:13,870 - Loaded System Directive: org.apache.velocity.runtime.directive.Foreach
2022-02-10 21:38:13,879 - Created: 20 parsers.
2022-02-10 21:38:13,881 - Velocimacro : initialization starting.
2022-02-10 21:38:13,881 - Velocimacro : adding VMs from VM library template : VM_global_library.vm
2022-02-10 21:38:13,882 - ResourceManager : unable to find resource 'VM_global_library.vm' in any resource loader.
2022-02-10 21:38:13,882 - Velocimacro : error using  VM library template VM_global_library.vm : org.apache.velocity.exception.ResourceNotFoundException: Unable to find resource 'VM_global_library.vm'
2022-02-10 21:38:13,882 - Velocimacro :  VM library template macro registration complete.
2022-02-10 21:38:13,882 - Velocimacro : allowInline = true : VMs can be defined inline in templates
2022-02-10 21:38:13,882 - Velocimacro : allowInlineToOverride = false : VMs defined inline may NOT replace previous VM definitions
2022-02-10 21:38:13,882 - Velocimacro : allowInlineLocal = false : VMs defined inline will be  global in scope if allowed.
2022-02-10 21:38:13,882 - Velocimacro : messages on  : VM system will output logging messages
2022-02-10 21:38:13,883 - Velocimacro : autoload off  : VM system will not automatically reload global library macros
2022-02-10 21:38:13,883 - Velocimacro : initialization complete.
2022-02-10 21:38:13,883 - Velocity successfully started.
2022-02-10 21:38:35,594 - SimpleLog4JLogSystem initialized using logfile 'velocity.log'
2022-02-10 21:38:35,595 - ************************************************************** 
2022-02-10 21:38:35,595 - Starting Jakarta Velocity v1.4
2022-02-10 21:38:35,595 - RuntimeInstance initializing.
2022-02-10 21:38:35,595 - Default Properties File: org\apache\velocity\runtime\defaults\velocity.properties
2022-02-10 21:38:35,595 - Trying to use logger class org.apache.velocity.runtime.log.SimpleLog4JLogSystem
2022-02-10 21:38:35,595 - Using logger class org.apache.velocity.runtime.log.SimpleLog4JLogSystem
2022-02-10 21:38:35,596 - Default ResourceManager initializing. (class org.apache.velocity.runtime.resource.ResourceManagerImpl)
2022-02-10 21:38:35,596 - Resource Loader Instantiated: org.apache.velocity.runtime.resource.loader.ClasspathResourceLoader
2022-02-10 21:38:35,596 - ClasspathResourceLoader : initialization starting.
2022-02-10 21:38:35,597 - ClasspathResourceLoader : initialization complete.
2022-02-10 21:38:35,597 - ResourceCache : initialized. (class org.apache.velocity.runtime.resource.ResourceCacheImpl)
2022-02-10 21:38:35,597 - Default ResourceManager initialization complete.
2022-02-10 21:38:35,598 - Loaded System Directive: org.apache.velocity.runtime.directive.Literal
2022-02-10 21:38:35,598 - Loaded System Directive: org.apache.velocity.runtime.directive.Macro
2022-02-10 21:38:35,599 - Loaded System Directive: org.apache.velocity.runtime.directive.Parse
2022-02-10 21:38:35,599 - Loaded System Directive: org.apache.velocity.runtime.directive.Include
2022-02-10 21:38:35,600 - Loaded System Directive: org.apache.velocity.runtime.directive.Foreach
2022-02-10 21:38:35,609 - Created: 20 parsers.
2022-02-10 21:38:35,611 - Velocimacro : initialization starting.
2022-02-10 21:38:35,611 - Velocimacro : adding VMs from VM library template : VM_global_library.vm
2022-02-10 21:38:35,612 - ResourceManager : unable to find resource 'VM_global_library.vm' in any resource loader.
2022-02-10 21:38:35,612 - Velocimacro : error using  VM library template VM_global_library.vm : org.apache.velocity.exception.ResourceNotFoundException: Unable to find resource 'VM_global_library.vm'
2022-02-10 21:38:35,613 - Velocimacro :  VM library template macro registration complete.
2022-02-10 21:38:35,613 - Velocimacro : allowInline = true : VMs can be defined inline in templates
2022-02-10 21:38:35,613 - Velocimacro : allowInlineToOverride = false : VMs defined inline may NOT replace previous VM definitions
2022-02-10 21:38:35,613 - Velocimacro : allowInlineLocal = false : VMs defined inline will be  global in scope if allowed.
2022-02-10 21:38:35,613 - Velocimacro : messages on  : VM system will output logging messages
2022-02-10 21:38:35,613 - Velocimacro : autoload off  : VM system will not automatically reload global library macros
2022-02-10 21:38:35,613 - Velocimacro : initialization complete.
2022-02-10 21:38:35,613 - Velocity successfully started.
2022-02-10 21:44:10,260 - SimpleLog4JLogSystem initialized using logfile 'velocity.log'
2022-02-10 21:44:10,260 - ************************************************************** 
2022-02-10 21:44:10,260 - Starting Jakarta Velocity v1.4
2022-02-10 21:44:10,260 - RuntimeInstance initializing.
2022-02-10 21:44:10,260 - Default Properties File: org\apache\velocity\runtime\defaults\velocity.properties
2022-02-10 21:44:10,260 - Trying to use logger class org.apache.velocity.runtime.log.SimpleLog4JLogSystem
2022-02-10 21:44:10,260 - Using logger class org.apache.velocity.runtime.log.SimpleLog4JLogSystem
2022-02-10 21:44:10,261 - Default ResourceManager initializing. (class org.apache.velocity.runtime.resource.ResourceManagerImpl)
2022-02-10 21:44:10,262 - Resource Loader Instantiated: org.apache.velocity.runtime.resource.loader.ClasspathResourceLoader
2022-02-10 21:44:10,262 - ClasspathResourceLoader : initialization starting.
2022-02-10 21:44:10,262 - ClasspathResourceLoader : initialization complete.
2022-02-10 21:44:10,262 - ResourceCache : initialized. (class org.apache.velocity.runtime.resource.ResourceCacheImpl)
2022-02-10 21:44:10,262 - Default ResourceManager initialization complete.
2022-02-10 21:44:10,263 - Loaded System Directive: org.apache.velocity.runtime.directive.Literal
2022-02-10 21:44:10,264 - Loaded System Directive: org.apache.velocity.runtime.directive.Macro
2022-02-10 21:44:10,264 - Loaded System Directive: org.apache.velocity.runtime.directive.Parse
2022-02-10 21:44:10,265 - Loaded System Directive: org.apache.velocity.runtime.directive.Include
2022-02-10 21:44:10,265 - Loaded System Directive: org.apache.velocity.runtime.directive.Foreach
2022-02-10 21:44:10,274 - Created: 20 parsers.
2022-02-10 21:44:10,276 - Velocimacro : initialization starting.
2022-02-10 21:44:10,277 - Velocimacro : adding VMs from VM library template : VM_global_library.vm
2022-02-10 21:44:10,278 - ResourceManager : unable to find resource 'VM_global_library.vm' in any resource loader.
2022-02-10 21:44:10,278 - Velocimacro : error using  VM library template VM_global_library.vm : org.apache.velocity.exception.ResourceNotFoundException: Unable to find resource 'VM_global_library.vm'
2022-02-10 21:44:10,278 - Velocimacro :  VM library template macro registration complete.
2022-02-10 21:44:10,278 - Velocimacro : allowInline = true : VMs can be defined inline in templates
2022-02-10 21:44:10,278 - Velocimacro : allowInlineToOverride = false : VMs defined inline may NOT replace previous VM definitions
2022-02-10 21:44:10,278 - Velocimacro : allowInlineLocal = false : VMs defined inline will be  global in scope if allowed.
2022-02-10 21:44:10,278 - Velocimacro : messages on  : VM system will output logging messages
2022-02-10 21:44:10,278 - Velocimacro : autoload off  : VM system will not automatically reload global library macros
2022-02-10 21:44:10,278 - Velocimacro : initialization complete.
2022-02-10 21:44:10,278 - Velocity successfully started.
2022-02-10 21:45:15,441 - SimpleLog4JLogSystem initialized using logfile 'velocity.log'
2022-02-10 21:45:15,441 - ************************************************************** 
2022-02-10 21:45:15,441 - Starting Jakarta Velocity v1.4
2022-02-10 21:45:15,441 - RuntimeInstance initializing.
2022-02-10 21:45:15,441 - Default Properties File: org\apache\velocity\runtime\defaults\velocity.properties
2022-02-10 21:45:15,441 - Trying to use logger class org.apache.velocity.runtime.log.SimpleLog4JLogSystem
2022-02-10 21:45:15,441 - Using logger class org.apache.velocity.runtime.log.SimpleLog4JLogSystem
2022-02-10 21:45:15,442 - Default ResourceManager initializing. (class org.apache.velocity.runtime.resource.ResourceManagerImpl)
2022-02-10 21:45:15,443 - Resource Loader Instantiated: org.apache.velocity.runtime.resource.loader.ClasspathResourceLoader
2022-02-10 21:45:15,443 - ClasspathResourceLoader : initialization starting.
2022-02-10 21:45:15,443 - ClasspathResourceLoader : initialization complete.
2022-02-10 21:45:15,443 - ResourceCache : initialized. (class org.apache.velocity.runtime.resource.ResourceCacheImpl)
2022-02-10 21:45:15,443 - Default ResourceManager initialization complete.
2022-02-10 21:45:15,444 - Loaded System Directive: org.apache.velocity.runtime.directive.Literal
2022-02-10 21:45:15,445 - Loaded System Directive: org.apache.velocity.runtime.directive.Macro
2022-02-10 21:45:15,445 - Loaded System Directive: org.apache.velocity.runtime.directive.Parse
2022-02-10 21:45:15,446 - Loaded System Directive: org.apache.velocity.runtime.directive.Include
2022-02-10 21:45:15,446 - Loaded System Directive: org.apache.velocity.runtime.directive.Foreach
2022-02-10 21:45:15,456 - Created: 20 parsers.
2022-02-10 21:45:15,458 - Velocimacro : initialization starting.
2022-02-10 21:45:15,458 - Velocimacro : adding VMs from VM library template : VM_global_library.vm
2022-02-10 21:45:15,459 - ResourceManager : unable to find resource 'VM_global_library.vm' in any resource loader.
2022-02-10 21:45:15,459 - Velocimacro : error using  VM library template VM_global_library.vm : org.apache.velocity.exception.ResourceNotFoundException: Unable to find resource 'VM_global_library.vm'
2022-02-10 21:45:15,459 - Velocimacro :  VM library template macro registration complete.
2022-02-10 21:45:15,459 - Velocimacro : allowInline = true : VMs can be defined inline in templates
2022-02-10 21:45:15,459 - Velocimacro : allowInlineToOverride = false : VMs defined inline may NOT replace previous VM definitions
2022-02-10 21:45:15,459 - Velocimacro : allowInlineLocal = false : VMs defined inline will be  global in scope if allowed.
2022-02-10 21:45:15,459 - Velocimacro : messages on  : VM system will output logging messages
2022-02-10 21:45:15,459 - Velocimacro : autoload off  : VM system will not automatically reload global library macros
2022-02-10 21:45:15,459 - Velocimacro : initialization complete.
2022-02-10 21:45:15,459 - Velocity successfully started.
2022-02-10 21:54:15,222 - SimpleLog4JLogSystem initialized using logfile 'velocity.log'
2022-02-10 21:54:15,222 - ************************************************************** 
2022-02-10 21:54:15,222 - Starting Jakarta Velocity v1.4
2022-02-10 21:54:15,222 - RuntimeInstance initializing.
2022-02-10 21:54:15,222 - Default Properties File: org\apache\velocity\runtime\defaults\velocity.properties
2022-02-10 21:54:15,222 - Trying to use logger class org.apache.velocity.runtime.log.SimpleLog4JLogSystem
2022-02-10 21:54:15,222 - Using logger class org.apache.velocity.runtime.log.SimpleLog4JLogSystem
2022-02-10 21:54:15,223 - Default ResourceManager initializing. (class org.apache.velocity.runtime.resource.ResourceManagerImpl)
2022-02-10 21:54:15,224 - Resource Loader Instantiated: org.apache.velocity.runtime.resource.loader.ClasspathResourceLoader
2022-02-10 21:54:15,224 - ClasspathResourceLoader : initialization starting.
2022-02-10 21:54:15,224 - ClasspathResourceLoader : initialization complete.
2022-02-10 21:54:15,225 - ResourceCache : initialized. (class org.apache.velocity.runtime.resource.ResourceCacheImpl)
2022-02-10 21:54:15,225 - Default ResourceManager initialization complete.
2022-02-10 21:54:15,226 - Loaded System Directive: org.apache.velocity.runtime.directive.Literal
2022-02-10 21:54:15,226 - Loaded System Directive: org.apache.velocity.runtime.directive.Macro
2022-02-10 21:54:15,227 - Loaded System Directive: org.apache.velocity.runtime.directive.Parse
2022-02-10 21:54:15,227 - Loaded System Directive: org.apache.velocity.runtime.directive.Include
2022-02-10 21:54:15,228 - Loaded System Directive: org.apache.velocity.runtime.directive.Foreach
2022-02-10 21:54:15,238 - Created: 20 parsers.
2022-02-10 21:54:15,240 - Velocimacro : initialization starting.
2022-02-10 21:54:15,241 - Velocimacro : adding VMs from VM library template : VM_global_library.vm
2022-02-10 21:54:15,242 - ResourceManager : unable to find resource 'VM_global_library.vm' in any resource loader.
2022-02-10 21:54:15,242 - Velocimacro : error using  VM library template VM_global_library.vm : org.apache.velocity.exception.ResourceNotFoundException: Unable to find resource 'VM_global_library.vm'
2022-02-10 21:54:15,242 - Velocimacro :  VM library template macro registration complete.
2022-02-10 21:54:15,242 - Velocimacro : allowInline = true : VMs can be defined inline in templates
2022-02-10 21:54:15,242 - Velocimacro : allowInlineToOverride = false : VMs defined inline may NOT replace previous VM definitions
2022-02-10 21:54:15,242 - Velocimacro : allowInlineLocal = false : VMs defined inline will be  global in scope if allowed.
2022-02-10 21:54:15,242 - Velocimacro : messages on  : VM system will output logging messages
2022-02-10 21:54:15,242 - Velocimacro : autoload off  : VM system will not automatically reload global library macros
2022-02-10 21:54:15,242 - Velocimacro : initialization complete.
2022-02-10 21:54:15,242 - Velocity successfully started.
2022-02-10 21:54:37,880 - SimpleLog4JLogSystem initialized using logfile 'velocity.log'
2022-02-10 21:54:37,881 - ************************************************************** 
2022-02-10 21:54:37,881 - Starting Jakarta Velocity v1.4
2022-02-10 21:54:37,881 - RuntimeInstance initializing.
2022-02-10 21:54:37,881 - Default Properties File: org\apache\velocity\runtime\defaults\velocity.properties
2022-02-10 21:54:37,881 - Trying to use logger class org.apache.velocity.runtime.log.SimpleLog4JLogSystem
2022-02-10 21:54:37,881 - Using logger class org.apache.velocity.runtime.log.SimpleLog4JLogSystem
2022-02-10 21:54:37,882 - Default ResourceManager initializing. (class org.apache.velocity.runtime.resource.ResourceManagerImpl)
2022-02-10 21:54:37,882 - Resource Loader Instantiated: org.apache.velocity.runtime.resource.loader.ClasspathResourceLoader
2022-02-10 21:54:37,882 - ClasspathResourceLoader : initialization starting.
2022-02-10 21:54:37,882 - ClasspathResourceLoader : initialization complete.
2022-02-10 21:54:37,883 - ResourceCache : initialized. (class org.apache.velocity.runtime.resource.ResourceCacheImpl)
2022-02-10 21:54:37,883 - Default ResourceManager initialization complete.
2022-02-10 21:54:37,883 - Loaded System Directive: org.apache.velocity.runtime.directive.Literal
2022-02-10 21:54:37,884 - Loaded System Directive: org.apache.velocity.runtime.directive.Macro
2022-02-10 21:54:37,885 - Loaded System Directive: org.apache.velocity.runtime.directive.Parse
2022-02-10 21:54:37,885 - Loaded System Directive: org.apache.velocity.runtime.directive.Include
2022-02-10 21:54:37,886 - Loaded System Directive: org.apache.velocity.runtime.directive.Foreach
2022-02-10 21:54:37,895 - Created: 20 parsers.
2022-02-10 21:54:37,897 - Velocimacro : initialization starting.
2022-02-10 21:54:37,897 - Velocimacro : adding VMs from VM library template : VM_global_library.vm
2022-02-10 21:54:37,898 - ResourceManager : unable to find resource 'VM_global_library.vm' in any resource loader.
2022-02-10 21:54:37,898 - Velocimacro : error using  VM library template VM_global_library.vm : org.apache.velocity.exception.ResourceNotFoundException: Unable to find resource 'VM_global_library.vm'
2022-02-10 21:54:37,898 - Velocimacro :  VM library template macro registration complete.
2022-02-10 21:54:37,898 - Velocimacro : allowInline = true : VMs can be defined inline in templates
2022-02-10 21:54:37,898 - Velocimacro : allowInlineToOverride = false : VMs defined inline may NOT replace previous VM definitions
2022-02-10 21:54:37,898 - Velocimacro : allowInlineLocal = false : VMs defined inline will be  global in scope if allowed.
2022-02-10 21:54:37,898 - Velocimacro : messages on  : VM system will output logging messages
2022-02-10 21:54:37,898 - Velocimacro : autoload off  : VM system will not automatically reload global library macros
2022-02-10 21:54:37,898 - Velocimacro : initialization complete.
2022-02-10 21:54:37,898 - Velocity successfully started.
2022-02-10 21:57:23,370 - SimpleLog4JLogSystem initialized using logfile 'velocity.log'
2022-02-10 21:57:23,370 - ************************************************************** 
2022-02-10 21:57:23,370 - Starting Jakarta Velocity v1.4
2022-02-10 21:57:23,370 - RuntimeInstance initializing.
2022-02-10 21:57:23,370 - Default Properties File: org\apache\velocity\runtime\defaults\velocity.properties
2022-02-10 21:57:23,370 - Trying to use logger class org.apache.velocity.runtime.log.SimpleLog4JLogSystem
2022-02-10 21:57:23,370 - Using logger class org.apache.velocity.runtime.log.SimpleLog4JLogSystem
2022-02-10 21:57:23,371 - Default ResourceManager initializing. (class org.apache.velocity.runtime.resource.ResourceManagerImpl)
2022-02-10 21:57:23,372 - Resource Loader Instantiated: org.apache.velocity.runtime.resource.loader.ClasspathResourceLoader
2022-02-10 21:57:23,372 - ClasspathResourceLoader : initialization starting.
2022-02-10 21:57:23,372 - ClasspathResourceLoader : initialization complete.
2022-02-10 21:57:23,372 - ResourceCache : initialized. (class org.apache.velocity.runtime.resource.ResourceCacheImpl)
2022-02-10 21:57:23,372 - Default ResourceManager initialization complete.
2022-02-10 21:57:23,373 - Loaded System Directive: org.apache.velocity.runtime.directive.Literal
2022-02-10 21:57:23,373 - Loaded System Directive: org.apache.velocity.runtime.directive.Macro
2022-02-10 21:57:23,374 - Loaded System Directive: org.apache.velocity.runtime.directive.Parse
2022-02-10 21:57:23,375 - Loaded System Directive: org.apache.velocity.runtime.directive.Include
2022-02-10 21:57:23,375 - Loaded System Directive: org.apache.velocity.runtime.directive.Foreach
2022-02-10 21:57:23,385 - Created: 20 parsers.
2022-02-10 21:57:23,387 - Velocimacro : initialization starting.
2022-02-10 21:57:23,387 - Velocimacro : adding VMs from VM library template : VM_global_library.vm
2022-02-10 21:57:23,388 - ResourceManager : unable to find resource 'VM_global_library.vm' in any resource loader.
2022-02-10 21:57:23,388 - Velocimacro : error using  VM library template VM_global_library.vm : org.apache.velocity.exception.ResourceNotFoundException: Unable to find resource 'VM_global_library.vm'
2022-02-10 21:57:23,388 - Velocimacro :  VM library template macro registration complete.
2022-02-10 21:57:23,388 - Velocimacro : allowInline = true : VMs can be defined inline in templates
2022-02-10 21:57:23,388 - Velocimacro : allowInlineToOverride = false : VMs defined inline may NOT replace previous VM definitions
2022-02-10 21:57:23,388 - Velocimacro : allowInlineLocal = false : VMs defined inline will be  global in scope if allowed.
2022-02-10 21:57:23,388 - Velocimacro : messages on  : VM system will output logging messages
2022-02-10 21:57:23,388 - Velocimacro : autoload off  : VM system will not automatically reload global library macros
2022-02-10 21:57:23,388 - Velocimacro : initialization complete.
2022-02-10 21:57:23,389 - Velocity successfully started.
2022-02-10 21:58:13,320 - SimpleLog4JLogSystem initialized using logfile 'velocity.log'
2022-02-10 21:58:13,320 - ************************************************************** 
2022-02-10 21:58:13,320 - Starting Jakarta Velocity v1.4
2022-02-10 21:58:13,320 - RuntimeInstance initializing.
2022-02-10 21:58:13,320 - Default Properties File: org\apache\velocity\runtime\defaults\velocity.properties
2022-02-10 21:58:13,320 - Trying to use logger class org.apache.velocity.runtime.log.SimpleLog4JLogSystem
2022-02-10 21:58:13,320 - Using logger class org.apache.velocity.runtime.log.SimpleLog4JLogSystem
2022-02-10 21:58:13,321 - Default ResourceManager initializing. (class org.apache.velocity.runtime.resource.ResourceManagerImpl)
2022-02-10 21:58:13,322 - Resource Loader Instantiated: org.apache.velocity.runtime.resource.loader.ClasspathResourceLoader
2022-02-10 21:58:13,322 - ClasspathResourceLoader : initialization starting.
2022-02-10 21:58:13,322 - ClasspathResourceLoader : initialization complete.
2022-02-10 21:58:13,322 - ResourceCache : initialized. (class org.apache.velocity.runtime.resource.ResourceCacheImpl)
2022-02-10 21:58:13,322 - Default ResourceManager initialization complete.
2022-02-10 21:58:13,323 - Loaded System Directive: org.apache.velocity.runtime.directive.Literal
2022-02-10 21:58:13,324 - Loaded System Directive: org.apache.velocity.runtime.directive.Macro
2022-02-10 21:58:13,324 - Loaded System Directive: org.apache.velocity.runtime.directive.Parse
2022-02-10 21:58:13,325 - Loaded System Directive: org.apache.velocity.runtime.directive.Include
2022-02-10 21:58:13,325 - Loaded System Directive: org.apache.velocity.runtime.directive.Foreach
2022-02-10 21:58:13,335 - Created: 20 parsers.
2022-02-10 21:58:13,337 - Velocimacro : initialization starting.
2022-02-10 21:58:13,337 - Velocimacro : adding VMs from VM library template : VM_global_library.vm
2022-02-10 21:58:13,338 - ResourceManager : unable to find resource 'VM_global_library.vm' in any resource loader.
2022-02-10 21:58:13,339 - Velocimacro : error using  VM library template VM_global_library.vm : org.apache.velocity.exception.ResourceNotFoundException: Unable to find resource 'VM_global_library.vm'
2022-02-10 21:58:13,339 - Velocimacro :  VM library template macro registration complete.
2022-02-10 21:58:13,339 - Velocimacro : allowInline = true : VMs can be defined inline in templates
2022-02-10 21:58:13,339 - Velocimacro : allowInlineToOverride = false : VMs defined inline may NOT replace previous VM definitions
2022-02-10 21:58:13,339 - Velocimacro : allowInlineLocal = false : VMs defined inline will be  global in scope if allowed.
2022-02-10 21:58:13,339 - Velocimacro : messages on  : VM system will output logging messages
2022-02-10 21:58:13,339 - Velocimacro : autoload off  : VM system will not automatically reload global library macros
2022-02-10 21:58:13,339 - Velocimacro : initialization complete.
2022-02-10 21:58:13,339 - Velocity successfully started.
2022-02-10 21:59:05,720 - SimpleLog4JLogSystem initialized using logfile 'velocity.log'
2022-02-10 21:59:05,720 - ************************************************************** 
2022-02-10 21:59:05,720 - Starting Jakarta Velocity v1.4
2022-02-10 21:59:05,720 - RuntimeInstance initializing.
2022-02-10 21:59:05,720 - Default Properties File: org\apache\velocity\runtime\defaults\velocity.properties
2022-02-10 21:59:05,721 - Trying to use logger class org.apache.velocity.runtime.log.SimpleLog4JLogSystem
2022-02-10 21:59:05,721 - Using logger class org.apache.velocity.runtime.log.SimpleLog4JLogSystem
2022-02-10 21:59:05,721 - Default ResourceManager initializing. (class org.apache.velocity.runtime.resource.ResourceManagerImpl)
2022-02-10 21:59:05,722 - Resource Loader Instantiated: org.apache.velocity.runtime.resource.loader.ClasspathResourceLoader
2022-02-10 21:59:05,722 - ClasspathResourceLoader : initialization starting.
2022-02-10 21:59:05,722 - ClasspathResourceLoader : initialization complete.
2022-02-10 21:59:05,722 - ResourceCache : initialized. (class org.apache.velocity.runtime.resource.ResourceCacheImpl)
2022-02-10 21:59:05,722 - Default ResourceManager initialization complete.
2022-02-10 21:59:05,723 - Loaded System Directive: org.apache.velocity.runtime.directive.Literal
2022-02-10 21:59:05,723 - Loaded System Directive: org.apache.velocity.runtime.directive.Macro
2022-02-10 21:59:05,724 - Loaded System Directive: org.apache.velocity.runtime.directive.Parse
2022-02-10 21:59:05,725 - Loaded System Directive: org.apache.velocity.runtime.directive.Include
2022-02-10 21:59:05,725 - Loaded System Directive: org.apache.velocity.runtime.directive.Foreach
2022-02-10 21:59:05,735 - Created: 20 parsers.
2022-02-10 21:59:05,737 - Velocimacro : initialization starting.
2022-02-10 21:59:05,737 - Velocimacro : adding VMs from VM library template : VM_global_library.vm
2022-02-10 21:59:05,738 - ResourceManager : unable to find resource 'VM_global_library.vm' in any resource loader.
2022-02-10 21:59:05,738 - Velocimacro : error using  VM library template VM_global_library.vm : org.apache.velocity.exception.ResourceNotFoundException: Unable to find resource 'VM_global_library.vm'
2022-02-10 21:59:05,738 - Velocimacro :  VM library template macro registration complete.
2022-02-10 21:59:05,739 - Velocimacro : allowInline = true : VMs can be defined inline in templates
2022-02-10 21:59:05,739 - Velocimacro : allowInlineToOverride = false : VMs defined inline may NOT replace previous VM definitions
2022-02-10 21:59:05,739 - Velocimacro : allowInlineLocal = false : VMs defined inline will be  global in scope if allowed.
2022-02-10 21:59:05,739 - Velocimacro : messages on  : VM system will output logging messages
2022-02-10 21:59:05,739 - Velocimacro : autoload off  : VM system will not automatically reload global library macros
2022-02-10 21:59:05,739 - Velocimacro : initialization complete.
2022-02-10 21:59:05,739 - Velocity successfully started.
2022-02-10 21:59:43,095 - SimpleLog4JLogSystem initialized using logfile 'velocity.log'
2022-02-10 21:59:43,095 - ************************************************************** 
2022-02-10 21:59:43,095 - Starting Jakarta Velocity v1.4
2022-02-10 21:59:43,095 - RuntimeInstance initializing.
2022-02-10 21:59:43,095 - Default Properties File: org\apache\velocity\runtime\defaults\velocity.properties
2022-02-10 21:59:43,095 - Trying to use logger class org.apache.velocity.runtime.log.SimpleLog4JLogSystem
2022-02-10 21:59:43,095 - Using logger class org.apache.velocity.runtime.log.SimpleLog4JLogSystem
2022-02-10 21:59:43,096 - Default ResourceManager initializing. (class org.apache.velocity.runtime.resource.ResourceManagerImpl)
2022-02-10 21:59:43,097 - Resource Loader Instantiated: org.apache.velocity.runtime.resource.loader.ClasspathResourceLoader
2022-02-10 21:59:43,097 - ClasspathResourceLoader : initialization starting.
2022-02-10 21:59:43,097 - ClasspathResourceLoader : initialization complete.
2022-02-10 21:59:43,097 - ResourceCache : initialized. (class org.apache.velocity.runtime.resource.ResourceCacheImpl)
2022-02-10 21:59:43,097 - Default ResourceManager initialization complete.
2022-02-10 21:59:43,098 - Loaded System Directive: org.apache.velocity.runtime.directive.Literal
2022-02-10 21:59:43,099 - Loaded System Directive: org.apache.velocity.runtime.directive.Macro
2022-02-10 21:59:43,099 - Loaded System Directive: org.apache.velocity.runtime.directive.Parse
2022-02-10 21:59:43,100 - Loaded System Directive: org.apache.velocity.runtime.directive.Include
2022-02-10 21:59:43,100 - Loaded System Directive: org.apache.velocity.runtime.directive.Foreach
2022-02-10 21:59:43,110 - Created: 20 parsers.
2022-02-10 21:59:43,112 - Velocimacro : initialization starting.
2022-02-10 21:59:43,112 - Velocimacro : adding VMs from VM library template : VM_global_library.vm
2022-02-10 21:59:43,113 - ResourceManager : unable to find resource 'VM_global_library.vm' in any resource loader.
2022-02-10 21:59:43,113 - Velocimacro : error using  VM library template VM_global_library.vm : org.apache.velocity.exception.ResourceNotFoundException: Unable to find resource 'VM_global_library.vm'
2022-02-10 21:59:43,113 - Velocimacro :  VM library template macro registration complete.
2022-02-10 21:59:43,113 - Velocimacro : allowInline = true : VMs can be defined inline in templates
2022-02-10 21:59:43,113 - Velocimacro : allowInlineToOverride = false : VMs defined inline may NOT replace previous VM definitions
2022-02-10 21:59:43,113 - Velocimacro : allowInlineLocal = false : VMs defined inline will be  global in scope if allowed.
2022-02-10 21:59:43,113 - Velocimacro : messages on  : VM system will output logging messages
2022-02-10 21:59:43,113 - Velocimacro : autoload off  : VM system will not automatically reload global library macros
2022-02-10 21:59:43,113 - Velocimacro : initialization complete.
2022-02-10 21:59:43,113 - Velocity successfully started.
2022-02-10 22:00:36,745 - SimpleLog4JLogSystem initialized using logfile 'velocity.log'
2022-02-10 22:00:36,745 - ************************************************************** 
2022-02-10 22:00:36,745 - Starting Jakarta Velocity v1.4
2022-02-10 22:00:36,745 - RuntimeInstance initializing.
2022-02-10 22:00:36,745 - Default Properties File: org\apache\velocity\runtime\defaults\velocity.properties
2022-02-10 22:00:36,745 - Trying to use logger class org.apache.velocity.runtime.log.SimpleLog4JLogSystem
2022-02-10 22:00:36,745 - Using logger class org.apache.velocity.runtime.log.SimpleLog4JLogSystem
2022-02-10 22:00:36,746 - Default ResourceManager initializing. (class org.apache.velocity.runtime.resource.ResourceManagerImpl)
2022-02-10 22:00:36,747 - Resource Loader Instantiated: org.apache.velocity.runtime.resource.loader.ClasspathResourceLoader
2022-02-10 22:00:36,747 - ClasspathResourceLoader : initialization starting.
2022-02-10 22:00:36,747 - ClasspathResourceLoader : initialization complete.
2022-02-10 22:00:36,748 - ResourceCache : initialized. (class org.apache.velocity.runtime.resource.ResourceCacheImpl)
2022-02-10 22:00:36,748 - Default ResourceManager initialization complete.
2022-02-10 22:00:36,748 - Loaded System Directive: org.apache.velocity.runtime.directive.Literal
2022-02-10 22:00:36,749 - Loaded System Directive: org.apache.velocity.runtime.directive.Macro
2022-02-10 22:00:36,750 - Loaded System Directive: org.apache.velocity.runtime.directive.Parse
2022-02-10 22:00:36,750 - Loaded System Directive: org.apache.velocity.runtime.directive.Include
2022-02-10 22:00:36,751 - Loaded System Directive: org.apache.velocity.runtime.directive.Foreach
2022-02-10 22:00:36,760 - Created: 20 parsers.
2022-02-10 22:00:36,762 - Velocimacro : initialization starting.
2022-02-10 22:00:36,762 - Velocimacro : adding VMs from VM library template : VM_global_library.vm
2022-02-10 22:00:36,763 - ResourceManager : unable to find resource 'VM_global_library.vm' in any resource loader.
2022-02-10 22:00:36,764 - Velocimacro : error using  VM library template VM_global_library.vm : org.apache.velocity.exception.ResourceNotFoundException: Unable to find resource 'VM_global_library.vm'
2022-02-10 22:00:36,764 - Velocimacro :  VM library template macro registration complete.
2022-02-10 22:00:36,764 - Velocimacro : allowInline = true : VMs can be defined inline in templates
2022-02-10 22:00:36,764 - Velocimacro : allowInlineToOverride = false : VMs defined inline may NOT replace previous VM definitions
2022-02-10 22:00:36,764 - Velocimacro : allowInlineLocal = false : VMs defined inline will be  global in scope if allowed.
2022-02-10 22:00:36,764 - Velocimacro : messages on  : VM system will output logging messages
2022-02-10 22:00:36,764 - Velocimacro : autoload off  : VM system will not automatically reload global library macros
2022-02-10 22:00:36,764 - Velocimacro : initialization complete.
2022-02-10 22:00:36,764 - Velocity successfully started.
2022-02-10 22:06:27,233 - ResourceManager : found repast/simphony/scenario/Scenario.vt with loader org.apache.velocity.runtime.resource.loader.ClasspathResourceLoader
